[    0.00000] Intilizing cgroup subsys cpuset
[   0.000000] Initializing cgroup subsys cpu
[   .000000] Initialiing cgroup subsys cpuacct[   0.000000 Lnux version 4.4.0-138-generi (builddlcy01-md64-006)(gcc vesin 5.4.0 2016009(Ubuntu .40-ubntu1~16.04.10) ) #14-buntu SMP Tue Oct 2 17:16:02 UTC 2018 (Ubuntu 4.4.0-138164-generic 4.4.155)
[    0.0000] ommand lne: BOTIMAGE=/boot/vmlinuz-.4.0-138-generc oot=LABEL=oudimg-rotfs o conole=tty1 onsole=ttyS0
[    0.000000] KENE spported cpus:
[    0.000000]   Intel Genuinentl[    0.00000]   AMD AutnticAMD
[    0.000000]   Cntaur CentaurHauls
[    0.000000] x86/fpu: xstate_offset[2]  576, xstate_sizes[2]:  256
[    0.000000] x86/fpu: Supporting XSAVE feature 0x01: 'x87 floating point registers'
[    0.000000] x86/fpu: Supporting XSAVE feature 0x02: 'SSE registers'
[    0.000000] x86/fpu: Supporting XSAVE feature 0x04: 'AVX registers'
[    0.000000] x86/fpu: Enabled xstate features 0x7, context size is 832 bytes, using 'standard' format.
[    0.000000] e820: BIOS-provided physical RAM map:
[    0.000000] BIOS-e820: [mem 0x0000000000000000-0x000000000009fbff] usable
[    0.00000] BIOS-e820: [mem 0x000000000009fc00-0x000000000009ffff] reserved
[    0.000000] BIOS-e820: [mem 0x00000000000f0000-0x00000000000fffff] reserved
[    0.000000] BIOS-e820: [mem 0x0000000000100000-0x000000003ffeffff] usable
[    0.000000] BIOS-e820: [mem 0x000000003fff0000-0x000000003fffffff] ACPI data
[    0.000000] BIOS-e820: [mem 0x00000000fec00000-0x00000000fec00fff] reserved
[    0.000000] BIOS-e820: [mem 0x00000000fee00000-0x00000000fee00fff] reserved
[    0.000000] BIOS-e820: [mem 0x00000000fffc0000-0x00000000ffffffff] reserved
[    0.000000] NX (Exece Disable) protection: active
[   0.000000] SBIS .5present.
    0.0000 Hypervisor detected: KVM
[   .00000] e820:lat_fn= 0x3fff0 max_arch_pfn = 0x400000
[   0.0000 MTRR: Disabled
[    0000000] x6/PAT: MRRs disabld, skpping PAT initialization too.
[   .00000] CPU MTRRs allblnk- irtualizd ysem
[    0.000000] x86/PA: onigration [0-7]: WB  WT UC- UC  WB  WT  UC- UC  
[   .000000] found SP P-able at mem 0x0009fff0-0x000fff] mapped at [fff8000009fff0]
[    0.00000 Sanning 1 areas for low mmoy corrupion
[    0.00000] AMIS: [mem 0x36308000-0377bff]
[    0.000000] ACPI: Early table checksum verification diabled
[   0.000000] ACPI: RSDP 0x0000000000E0000 000024 (v02 VBOX  )
[    0.000000] ACPI: XSDT 0x000000003FFF0030 00003C (v01 VBOX   VBOXXSDT 00000001 ASL  00000061)
[    0.000000] ACPI: FACP 0x000000003FFF00F0 0000F4 (v04 VBOX   VBOXFACP 00000001 ASL  00000061)
[    0.000000] ACPI:DSDT 0x000000003FFF04700021FF (v02 VBOX   VBOXBIOS 00000002 INTL 20100528)
[    0.000000] ACPI: FACS 0x000000003FFF0200 000040
[    0.000000] ACPI: FACS 0x000000003FFF0200 00040
[    0.000000 API: APC 0x00000003FFF0240 00005C (v0 VOX   VOXPI 0000001 ASL  00000061)
   0000000] ACPI: SSDT 0x000000003FFF02A0 0001CC (v01 VBOX   VBXCPUT 0000000 INT 210528)
[    0.000000] No NUMA configuration found
[   0.000000] Faking a node a [em0x000000000000000-0x000000003feffff]
[   0.000000] NODE_DATA() llcated [mem 0x3ffeb000-0x3ffeffff]
[    0.000000] kvm-clock: Using msrs 4b564d1 nd4b564d00
[    0.000000] kvm-cock: cpu 0, mr 0:3ffe3001 primary cpu clock
[    0.000000] kvm-clock: using sched offset of 3734021996 cyle
[    0.000000 clocksource: kvm-clock: mask: 0xffffffffffffff max_cyces 0x1cd42e4dfb,ma_idle_ns: 881590591483 ns
[   .0000] Zone ranges:
[    0.00000  DMA      [mem 0x0000000000001000-0x0000000ffffff]
[    0.000000]   DMA32    [mem0x000000001000000-x0000003ffeffff]
[    0.000000]   Normal   empty
[    0.000000]   Device   empty
[    0.000000] Movable zone start for each node
[    0.000000] Early memory node ranges
[    0.000000]   node   0: [mem 0x0000000000001000-0x00000000000efff]
[    0.000000]   node   0: [mem 0x0000000000100000-0x00000000ffeffff]
[    0.00000] Intmem setup node 0 [mm 0x0000000000010-0x000000003ffefff]
[   0.000000] ACPI P-Timer IO Port: x408
[    0000000] IOAPIC[0]: apc_d , ersion 32, address 0xfec00000, GSI 0-23
[   0.000000] ACP: INT_SRC_OVR (bus 0 bus_irq 0 global_ir 2 dfl dfl)
[   0.00000] ACPI: INT_SRC_OV (bus 0 bus_irq 9 global_irq 9 low level)
[    0.000000] Using ACPI (MADT) for SMP configuration information
[    0.000000] sboot: Allowing 2 CPUs, 0 hoplug CPUs
[    0.00000] PM: egistered nosavememory: [em 0x00000000-0x0000fff]
[   0.000000 PM: Registered nosave emry: [mem0x0009f000-x00099ffff]
[    0.000000] PM: Registered nosae emory:[mem 0x000a0000-0x000effff]
[    0.00000] P: Registered nosave memory: [mem x00f0000-0x00ffff]
[   0.000000] e820: [mem 0x40000000-0xfebfffff] available for PCI devices
[    0.000000] Booting paravirtualized kernel on KVM
[    0.000000] clocksource: refined-jiffies: mask: 0xffffffff max_cycles: 0xffffffff,ax_idl_ns: 764519001168 ns
[    0.000000] setup_perpu: NR_CUS512 nr_cpumask_bits:512 n_cpu_ids:2nr_node_ids:
   0.000000] PERCPU:Embedded 34 pages/cpu @fff8803fc00000 s99608 r8192 d31464 u1048576
[   0.000000] PV qspinlock hash table entries: 256 (order: 0, 4096 bytes)
[    0.000000] Built 1 zonelists in Node order, mobility grouping on.  Total pages: 257912
[    0.000000] Policy zone: MA32
[   0.000000] Kernel command line: BOOT_IMAGE=/boot/vmlinuz-4.4.0-138-generic rootLABEL=cloudimg-rootfs ro console=tty1 console=ttyS0
[    0.000000] PID hash table entries: 4096 (order: 3, 32768 bytes)
[    0.000000] Memory: 997704K/1048120K available (8563K kernel code, 1314K rwdata, 4004K rodata,1528K init, 1316K bss, 50416K reseved, 0K cma-reseve)
[    0.000000] SLUB:HWalign=64, Orde=03,MiObjects=0, CPUs=2, Nodes=1
[   .00000] Kernel/se pag tables isolation: enabled
[   0.000000] Hierarchical RCU implementaion.
[    0.000000] 	Build-time adjustment of leaf anut to 64.
[   0.000000] 	RCU restrictng CPUs fom NR_CPUS=52 to nr_cpu_ids=2.
[   0.00000] RCU: Adjusting geoetry for rcu_anout_leaf=64, nr_cpu_ids=2
[   0.00000] NR_IRQS:3024 nrirs:40 16
[    0.00000]Console: coour VGA+ 80x25
[   .00000] onsole [tty1] enbld[    0.000000] console [ttyS0] enabled
[    0.000000] tsc: Detected 2194.918 MHz processor
[    5.130538] Calibrating delay loop (skipped) preset value.. 4389.83 BogoMIPS (lpj=8779672)
[    5.173026] pid_max: default: 32768 minimum: 301
[    5.178824] ACPI: Core revision 20150930
[    5.182837] ACPI: 2 ACPI AML tables successfully acquired and loaded
[    5.207536] Security Framework initialized
[    5.217192] Yama: becoming mindful.
[    5.249862] AppArmor: AppArmor initialized
[    5.268461] Dentry cache hash table entries: 131072 (order: 8, 1048576 bytes)
[    5.307319] Inode-cache hash table entries: 65536 (order: 7, 524288 bytes)
[    5.341447] Mount-cache hash table entries: 2048 (order: 2, 16384 bytes)
[    5.354021] Mountpoint-cache hash table entries: 2048 (order: 2, 16384 bytes)
[    5.373586] Initializing cgroup subsys io
[    5.377462] Initializing cgroup subsys memory
[    5.385768] Initializing cgroup subsys devices
[    5.387234] Initializing cgroup subsys freezer
[    5.388490] Initializing cgroup subsys net_cls
[    5.389677] Initializing cgroup subsys perf_event
[    5.393905] Initializing cgroup subsys net_prio
[    5.409393] Initializing cgroup subsys hugetlb
[    5.416693] Initializing cgroup subsys pids
[    5.431003] mce: CPU supports 0 MCE banks
[    5.438991] Last level iTLB entries: 4KB 1024, 2MB 1024, 4MB 1024
[    5.442556] Last level dTLB entries: 4KB 1024, 2MB 1024, 4MB 1024, 1GB 4
[    5.446168] Spectre V2 : Mitigation: Full generic retpoline
[    5.448115] Spectre V2 : Spectre v2 mitigation: Speculation control IBPB not-supported IBRS not-supported
[    5.451653] Spectre V2 : Spectre v2 / SpectreRSB mitigation: Filling RSB on context switch
[    5.454856] Speculative Store Bypass: Vulnerable
[    5.459399] Freeing SMP alternatives memory: 32K
[    5.470375] ftrace: allocating 32278 entries in 127 pages
[    5.534666] smpboot: APIC(0) Converting physical 0 to logical package 0
[    5.557456] smpboot: Max logical packages: 1
[    5.559239] x2apic enabled
[    5.564968] Switched APIC routing to physical x2apic.
[    5.578283] ..TIMER: vector=0x30 apic1=0 pin1=2 apic2=-1 pin2=-1
[    5.696601] smpboot: CPU0: Intel(R) Core(TM) i7-4770HQ CPU @ 2.20GHz (family: 0x6, model: 0x46, stepping: 0x1)
[    5.737485] Performance Events: unsupported p6 CPU model 70 no PMU driver, software events only.
[    5.769062] KVM setup paravirtual spinlock
[    5.782382] x86: Booting SMP configuration:
[    5.797448] .... node  #0, CPUs:      #1
[    5.807342] kvm-clock: cpu 1, msr 0:3ffe3041, secondary cpu clock
[    5.826423] mce: CPU supports 0 MCE banks
[    5.841786] x86: Booted up 1 node, 2 CPUs
[    5.847220] smpboot: Total of 2 processors activated (8779.67 BogoMIPS)
[    5.861323] devtmpfs: initialized
[    5.870367] evm: security.selinux
[    5.878880] evm: security.SMACK64
[    5.886667] evm: security.SMACK64EXEC
[    5.897182] evm: security.SMACK64TRANSMUTE
[    5.904999] evm: security.SMACK64MMAP
[    5.912281] evm: security.ima
[    5.919008] evm: security.capability
[    5.931230] clocksource: jiffies: mask: 0xffffffff max_cycles: 0xffffffff, max_idle_ns: 7645041785100000 ns
[    5.951824] futex hash table entries: 512 (order: 3, 32768 bytes)
[    5.965466] pinctrl core: initialized pinctrl subsystem
[    5.979114] RTC time: 10:45:36, date: 12/12/18
[    5.998598] NET: Registered protocol family 16
[    6.012337] cpuidle: using governor ladder
[    6.027647] cpuidle: using governor menu
[    6.036820] PCCT header not found.
[    6.040330] ACPI: bus type PCI registered
[    6.044567] acpiphp: ACPI Hot Plug PCI Controller Driver version: 0.5
[    6.050490] PCI: Using configuration type 1 for base access
[    6.068640] ACPI: Added _OSI(Module Device)
[    6.079958] ACPI: Added _OSI(Processor Device)
[    6.087956] ACPI: Added _OSI(3.0 _SCP Extensions)
[    6.092291] ACPI: Added _OSI(Processor Aggregator Device)
[    6.098194] ACPI: Executed 1 blocks of module-level executable AML code
[    6.112401] ACPI: Interpreter enabled
[    6.119634] ACPI: (supports S0 S5)
[    6.127975] ACPI: Using IOAPIC for interrupt routing
[    6.132769] PCI: Using host bridge windows from ACPI; if necessary, use "pci=nocrs" and report a bug
[    6.158862] ACPI: PCI Root Bridge [PCI0] (domain 0000 [bus 00-ff])
[    6.166612] acpi PNP0A03:00: _OSC: OS supports [ASPM ClockPM Segments MSI]
[    6.175033] acpi PNP0A03:00: _OSC: not requesting OS control; OS requires [ExtendedConfig ASPM ClockPM MSI]
[    6.185700] acpi PNP0A03:00: fail to add MMCONFIG information, can't access extended PCI configuration space under this bridge.
[    6.206495] PCI host bridge to bus 0000:00
[    6.217646] pci_bus 0000:00: root bus resource [io  0x0000-0x0cf7 window]
[    6.230040] pci_bus 0000:00: root bus resource [io  0x0d00-0xffff window]
[    6.251674] pci_bus 0000:00: root bus resource [mem 0x000a0000-0x000bffff window]
[    6.273644] pci_bus 0000:00: root bus resource [mem 0x40000000-0xfdffffff window]
[    6.293370] pci_bus 0000:00: root bus resource [bus 00-ff]
[    6.306100] pci 0000:00:01.1: legacy IDE quirk: reg 0x10: [io  0x01f0-0x01f7]
[    6.326622] pci 0000:00:01.1: legacy IDE quirk: reg 0x14: [io  0x03f6]
[    6.343116] pci 0000:00:01.1: legacy IDE quirk: reg 0x18: [io  0x0170-0x0177]
[    6.354600] pci 0000:00:01.1: legacy IDE quirk: reg 0x1c: [io  0x0376]
[    6.387902] pci 0000:00:07.0: quirk: [io  0x4000-0x403f] claimed by PIIX4 ACPI
[    6.399855] pci 0000:00:07.0: quirk: [io  0x4100-0x410f] claimed by PIIX4 SMB
[    6.425584] ACPI: PCI Interrupt Link [LNKA] (IRQs 5 9 10 *11)
[    6.435367] ACPI: PCI Interrupt Link [LNKB] (IRQs 5 9 *10 11)
[    6.439056] ACPI: PCI Interrupt Link [LNKC] (IRQs 5 *9 10 11)
[    6.442984] ACPI: PCI Interrupt Link [LNKD] (IRQs 5 9 10 *11)
[    6.460989] ACPI: Enabled 2 GPEs in block 00 to 07
[    6.475498] vgaarb: setting as boot device: PCI:0000:00:02.0
[    6.490631] vgaarb: device added: PCI:0000:00:02.0,decodes=io+mem,owns=io+mem,locks=none
[    6.502860] vgaarb: loaded
[    6.517100] vgaarb: bridge control possible 0000:00:02.0
[    6.535470] SCSI subsystem initialized
[    6.539775] ACPI: bus type USB registered
[    6.549846] usbcore: registered new interface driver usbfs
[    6.552653] usbcore: registered new interface driver hub
[    6.557473] usbcore: registered new device driver usb
[    6.568773] PCI: Using ACPI for IRQ routing
[    6.576131] NetLabel: Initializing
[    6.577224] NetLabel:  domain hash size = 128
[    6.581249] NetLabel:  protocols = UNLABELED CIPSOv4
[    6.586887] NetLabel:  unlabeled traffic allowed by default
[    6.593420] amd_nb: Cannot enumerate AMD northbridges
[    6.595206] clocksource: Switched to clocksource kvm-clock
[    6.610815] AppArmor: AppArmor Filesystm Enabled
[    6.639703] pnp: PnP ACP init[   .6013]pnp: PnP ACPI: found 3deices

[   .89329] loksource: acpi_pm msk: 0xffffff mx_cyces: 0xffffff,max_idle_n: 0870024 ns
[   7.229297] NET Registerd protocol family 2

[    7.306527] TCP established hsh table entries: 19 (rder: 4 6536 byes

[   7.9780 TCP bind hah tabe ntries 8192 (order: 5, 131072 bytes)
[  7.695165] TCP: Hash tables configure (established 8192 bind 8192)
[    7.795210] UDP hash table entries: 51 (order: 2, 638 bytes)
[    .886365] UDP-Lite hash table entries: 512 (order: 2, 16384 bes)
[    7.973358] NET: Registered protocol famil1
[    8.025486] pci 000000000:Liiting irect PCI/PCI transfers
[    8.19271] ci 0000:00:01.0: Activating ISA DMA hang workarouds
[   8.257444] Unpacking initamfs...

[    8.566834] Freeing initrd memory: 14800K
[    8.570178] platform rtc_cmos: registered platform RTC device (no PNP device found)
[    8.578506] Scanning for low memory corruption every 60 seconds
[    8.588692] audit: initializing netlink subsys (disabled)
[    8.592591] audit: type=2000 audit(1544611538.458:1): initialized
[    8.607848] Initialise system trusted keyring
[    8.618749] HugeTLB registered 2 MB page size, pre-allocated 0 pages
[    8.646013] zbud: loaded
[    8.649520] VFS: Disk quotas dquot_6.6.0
[    8.665045] VFS: Dquot-cache hash table entries: 512 (order 0, 4096 bytes)
[    8.679434] squashfs: version 4.0 (2009/01/31) Phillip Lougher
[    8.685653] fuse init (API version 7.23)
[    8.700554] Key type big_key registered
[    8.715946] Allocating IMA MOK and blacklist keyrings.
[    8.721575] Key type asymmetric registered
[    8.728990] Asymmetric key parser 'x509' registered
[    8.733694] Block layer SCSI generic (bsg) driver version 0.4 loaded (major 249)
[    8.747900] io scheduler noop registered
[    8.749513] io scheduler deadline registered (default)
[    8.757942] io scheduler cfq registered
[    8.766811] pci_hotplug: PCI Hot Plug PCI Core version: 0.5
[    8.786920] pciehp: PCI Express Hot Plug Controller Driver version: 0.4
[    8.801492] ACPI: AC Adapter [AC] (on-line)
[    8.816628] input: Power Button as /devices/LNXSYSTM:00/LNXPWRBN:00/input/input0
[    8.834762] ACPI: Power Button [PWRF]
[    8.849114] input: Sleep Button as /devices/LNXSYSTM:00/LNXSLPBN:00/input/input1
[    8.852639] ACPI: Sleep Button [SLPF]
[    8.857926] ACPI: Battery Slot [BAT0] (battery present)
[    8.865265] GHES: HEST is not enabled!
[    8.867275] Serial: 8250/16550 driver, 32 ports, IRQ sharing enabled
[    8.916573] 00:02: ttyS0 at I/O 0x3f8 (irq = 4, base_baud = 115200) is a 16550A
[    8.925557] Linux agpgart interface v0.103
[    8.929157] loop: module loaded
[    8.932539] scsi host0: ata_piix
[    8.934810] scsi host1: ata_piix
[    8.935971] ata1: PATA max UDMA/33 cmd 0x1f0 ctl 0x3f6 bmdma 0xd000 irq 14
[    8.940429] ata2: PATA max UDMA/33 cmd 0x170 ctl 0x376 bmdma 0xd008 irq 15
[    8.944085] libphy: Fixed MDIO Bus: probed
[    8.945814] tun: Universal TUN/TAP device driver, 1.6
[    8.947505] tun: (C) 1999-2004 Max Krasnyansky <maxk@qualcomm.com>
[    8.949736] PPP generic driver version 2.4.2
[    8.952045] ehci_hcd: USB 2.0 'Enhanced' Host Controller (EHCI) Driver
[    8.954650] ehci-pci: EHCI PCI platform driver
[    8.956219] ehci-platform: EHCI generic platform driver
[    8.958108] ohci_hcd: USB 1.1 'Open' Host Controller (OHCI) Driver
[    8.962047] ohci-pci: OHCI PCI platform driver
[    8.964992] ohci-platform: OHCI generic platform driver
[    8.966887] uhci_hcd: USB Universal Host Controller Interface driver
[    8.973137] i8042: PNP: PS/2 Controller [PNP0303:PS2K,PNP0f03:PS2M] at 0x60,0x64 irq 1,12
[    8.985911] serio: i8042 KBD port at 0x60,0x64 irq 1
[    9.000268] serio: i8042 AUX port at 0x60,0x64 irq 12
[    9.013429] mousedev: PS/2 mouse device common for all mice
[    9.037147] rtc_cmos rtc_cmos: rtc core: registered rtc_cmos as rtc0
[    9.041369] rtc_cmos rtc_cmos: alarms up to one day, 114 bytes nvram
[    9.047058] i2c /dev entries driver
[    9.057278] input: AT Translated Set 2 keyboard as /devices/platform/i8042/serio0/input/input2
[    9.093970] device-mapper: uevent: version 1.0.3
[    9.107218] device-mapper: ioctl: 4.34.0-ioctl (2015-10-28) initialised: dm-devel@redhat.com
[    9.178277] ledtrig-cpu: registered to indicate activity on CPUs
[    9.196288] NET: Regstered protocl family 10

[    9.251299] NET: Registered prtool family 17

[    9.30616] ey tpedns_rsover egistered

[    9.474202] registered taskstats version 1
[    9.476883] Loading compiled-in X.509 certificates
[    9.478684] Loaded X.509 cert 'Build time autogenerated kernel key: 9a104bc44b81e9426fe5c715e47d021d02d69eba'
[    9.496394] zswap: loaded using pool lzo/zbud
[    9.503356] Key type trusted registered
[    9.508846] Key type encrypted registered
[    9.510112] AppArmor: AppArmor sha1 policy hashing enabled
[    9.511772] ima: No TPM chip found, activating TPM-bypass!
[    9.513385] ima: Allocated hash algorithm: sha1
[    9.515047] evm: HMAC attrs: 0x1
[    9.516939]   Magic number: 14:234:780
[    9.519817] rtc_cmos rtc_cmos: setting system clock to 2018-12-12 10:45:40 UTC (1544611540)
[    9.527418] BIOS EDD facility v0.16 2004-Jun-25, 0 devices found
[    9.529294] EDD information not available.
[    9.532313] Freeing unused kernel memory: 1528K
[    9.551543] Write protecting the kernel read-only data: 14336k
[    9.570200] tsc: Refined TSC clocksource calibration: 2194.454 MHz
[    9.597557] clocksource: tsc: mask: 0xffffffffffffffff max_cycles: 0x1fa1bbec110, max_idle_ns: 440795295505 ns
[    9.620443] Freeing unused kernel memory: 1664K
[    9.674844] Freeing unused kernel memory: 92K
Loading, please wait...
starting version[   10.212285] random: systemd-udevd: uninitialized urandom read (16 bytes read, 4 bits of entropy available)
 229
[   10.212830] random: udevadm: uninitialized urandom read (16 bytes read, 4 bits of entropy available)
[   10.212847] random: udevadm: uninitialized urandom read (16 bytes read, 4 bits of entropy available)
[   10.220005] random: udevadm: uninitialized urandom read (16 bytes read, 4 bits of entropy available)
[   10.220045] random: udevadm: uninitialized urandom read (16 bytes read, 4 bits of entropy available)
[   10.220156] random: udevadm: uninitialized urandom read (16 bytes read, 4 bits of entropy available)
[   10.220197] random: udevadm: uninitialized urandom read (16 bytes read, 4 bits of entropy available)
[   10.220237] random: udevadm: uninitialized urandom read (16 bytes read, 4 bits of entropy available)
[   10.220278] random: udevadm: uninitialized urandom read (16 bytes read, 4 bits of entropy available)
[   10.220318] random: udevadm: uninitialized urandom read (16 bytes read, 4 bits of entropy available)
[   10.523966] e1000: Intel(R) PRO/1000 Network Driver - version 7.3.21-k8-NAPI
[   10.553493] e1000: Copyright (c) 1999-2006 Intel Corporation.
[   10.577423] AVX2 version of gcm_enc/dec engaged.
[   10.585611] Fusion MPT base driver 3.04.20
[   10.585611] Copyright (c) 1999-2008 LSI Corporation
[   10.616137] AES CTR mode by8 optimization enabled
[   10.654729] Fusion MPT SPI Host driver 3.04.20
[   10.856981] input: ImExPS/2 Generic Explorer Mouse as /devices/platform/i8042/serio1/input/input4
[   11.057588] e1000 0000:00:03.0 eth0: (PCI:33MHz:32-bit) 02:d4:8a:2a:0f:ed
[   11.077176] e1000 0000:00:03.0 eth0: Intel(R) PRO/1000 Network Connection
[   11.108034] mptbase: ioc0: Initiating bringup
[   11.183511] ioc0: LSI53C1030 A0: Capabilities={Initiator}
[   11.354955] scsi host2: ioc0: LSI53C1030 A0, FwRev=00000000h, Ports=1, MaxQ=256, IRQ=20
[   11.468032] scsi 2:0:0:0: Direct-Access     VBOX     HARDDISK         1.0  PQ: 0 ANSI: 5
[   11.496901] scsi target2:0:0: Beginning Domain Validation
[   11.509752] scsi target2:0:0: Domain Validation skipping write tests
[   11.511549] scsi target2:0:0: Ending Domain Validation
[   11.513151] scsi target2:0:0: asynchronous
[   11.515364] scsi 2:0:1:0: Direct-Access     VBOX     HARDDISK         1.0  PQ: 0 ANSI: 5
[   11.518752] scsi target2:0:1: Beginning Domain Validation
[   11.521300] scsi target2:0:1: Domain Validation skipping write tests
[   11.522961] scsi target2:0:1: Ending Domain Validation
[   11.528756] scsi target2:0:1: asynchronous
[   11.556202] sd 2:0:0:0: Attached scsi generic sg0 type 0
[   11.559339] sd 2:0:0:0: [sda] 20971520 512-byte logical blocks: (10.7 GB/10.0 GiB)
[   11.562384] sd 2:0:1:0: [sdb] 20480 512-byte logical blocks: (10.5 MB/10.0 MiB)
[   11.574417] sd 2:0:0:0: [sda] Write Protect is off
[   11.582791] sd 2:0:1:0: Attached scsi generic sg1 type 0
[   11.610541] sd 2:0:0:0: [sda] Incomplete mode parameter data
[   11.636995] sd 2:0:0:0: [sda] Assuming drive cache: write through
[   11.641305] sd 2:0:1:0: [sdb] Write Protect is off
[   11.665623] sd 2:0:1:0: [sdb] Incomplete mode parameter data
[   11.690078] sd 2:0:1:0: [sdb] Assuming drive cache: write through
[   11.715978]  sda: sda1
[   11.717680] sd 2:0:0:0: [sda] Attached SCSI disk
[   11.719434] sd 2:0:1:0: [sdb] Attached SCSI disk
[   11.868887] e1000 0000:00:08.0 eth1: (PCI:33MHz:32-bit) 08:00:27:0d:67:c7
[   11.871040] e1000 0000:00:08.0 eth1: Intel(R) PRO/1000 Network Connection
[   11.874410] e1000 0000:00:08.0 enp0s8: renamed from eth1
[   11.891883] e1000 0000:00:03.0 enp0s3: renamed from eth0
Begin: Loading essential drivers[   13.225970] md: linear personality registered for level -1
 ... [   13.242666] md: multipath personality registered for level -4
[   13.251305] md: raid0 personality registered for level 0
[   13.266885] md: raid1 personality registered for level 1
[   13.347412] raid6: sse2x1   gen()  9458 MB/s
[   13.431514] raid6: sse2x1   xor()  6732 MB/s
[   13.507347] raid6: sse2x2   gen()  9247 MB/s
[   13.591512] raid6: sse2x2   xor()  8127 MB/s
[   13.679488] raid6: sse2x4   gen() 13653 MB/s
[   13.763497] raid6: sse2x4   xor()  9835 MB/s
[   13.847524] raid6: avx2x1   gen() 18360 MB/s
[   13.923482] raid6: avx2x2   gen() 21551 MB/s
[   14.011523] raid6: avx2x4   gen() 24075 MB/s
[   14.024316] raid6: using algorithm avx2x4 gen() 24075 MB/s
[   14.028700] raid6: using avx2x2 recovery algorithm
[   14.041611] xor: automatically using best checksumming function:
[   14.106174]    avx       : 60245.000 MB/sec
[   14.126575] async_tx: api initialized (async)
[   14.159779] md: raid6 personality registered for level 6
[   14.191650] md: raid5 personality registered for level 5
[   14.233651] md: raid4 personality registered for level 4
[   14.263764] md: raid10 personality registered for level 10
done.
Begin: Running /scripts/init-premount ... done.
Begin: Mounting root file system ... Begin: Running /scripts/local-top ... done.
Begin: Running /scripts/local-premount ... [   14.312864] Btrfs loaded
Scanning for Btrfs filesystems
done.
Warning: fsck not present, so skipping root file system
[   14.347455] EXT4-fs (sda1): mounted filesystem with ordered data mode. Opts: (null)
done.
Begin: Running /scripts/local-bottom ... done.
Begin: Running /scripts/init-bottom ... done.
[   14.437942] systemd[1]: systemd 229 running in system mode. (+PAM +AUDIT +SELINUX +IMA +APPARMOR +SMACK +SYSVINIT +UTMP +LIBCRYPTSETUP +GCRYPT +GNUTLS +ACL +XZ -LZ4 +SECCOMP +BLKID ELUTILS KMOD -IDN
[   14.536368] systemd[1]: Detected virtalization oacle.
[   14.605775] systemd[1]: Detected architecture x86-64.

Welcome to [1mUbuntu 16.04.5 LTS[0m!

[   14.625268] systemd[1]: Set hostname to <ubuntu>.
[   14.630375] systemd[1]: Initializing machine ID from random generator.
[   14.632536] systemd[1]: Installed transient /etc/machine-id file.
[   14.775747] systemd[1]: Created slice System Slice.
[[0;32m  OK  [0m] Created slice System Slice.
[   14.779053] systemd[1]: Listening on LVM2 metadata daemon socket.
[[0;32m  OK  [0m] Listening on LVM2 metadata daemon socket.
[   14.782717] systemd[1]: Listening on LVM2 poll daemon socket.
[[0;32m  OK  [0m] Listening on LVM2 poll daemon socket.
[   14.786324] systemd[1]:Set up automount Arbitrary Executable File Formats File System Autoout oit.
[[0;32m  OK  [0m] Set up automount Arbitrary Executab...ats File System Automount Point.
[   15.296037] systemd[1]: Started Trigger resolvcof update for networkd DS.
[[0;32m  OK  [0m] Started Trigger resolvconf update for networkd DNS.
[  15.37764 sstemd[1]: Reached trgt ser and Grou Nme Lookups.
[[0;32m  OK  [0m] Reached target User and Group Name Lookups.
[   15.637035] systed[1]: Reached targe Swap
[[0;32m  OK  [0m] Reached target Swap.
[   15.807776] systemd[1]: Listening on Journal Socket (/dev/log).
[[0;32m  OK  [0m] Listening on Journal Socket (/dev/log).
[  16.19569] systemd[1]: Listening on udev Kernel Socket.
[[0;32m  OK  [0m] Listening on udev Kernel Socket.
[   16.400024] systemd[1]: ListeningonSyslg ocket.
[[0;32m  OK  [0m] Listening on Syslog Socket.
[  16.638589]sytemd[1]: Started Forward Passord Requests to Wall irectory Watch.
[[0;32m  OK  [0m] Started Forward Password Requests to Wall Directory Watch.
[   16.847931] systemd[1] Listening on Journal Socket.
[[0;32m  OK  [0m] Listening on Journal Socket.
[   17.380698] systemd[1]: Starting Set console keymap...
         Starting Set console keymap...
[   17.396622] systemd[1]: Starting Nameserver information manager...
         Starting Nameserver information manager...
[   17.439799] systemd[1]: Starting Load Kernel Modules...
         Starting Load Kernel Modules...
[   17.450279] Loading iSCSI transport class v2.0-870.
[   17.452461] systemd[1]: Listening on /dev/initctl Compatibility Named Pipe.
[[0;32m  OK  [0m] Listening on /dev/initctl Compat[   17.463875] iscsi: registered transport (tcp)
ibility Named Pipe.
[   17.835678] systemd[1]: Starting Remount Root and Kernel File Systems...
[   17.857382] iscsi: registered transport (iser)
         Startin[   17.871794] EXT4-fs (sda1): re-mounted. Opts: (null)
g Remount Root and Kernel File Systems...
[   17.892216] systemd[1]: Created slice system-serial\x2dgetty.slice.
[[0;32m  OK  [0m] Created slice system-serial\x2dgetty.slice.
[   17.919512] systemd[1]: Reached target System Time Synchronized.
[[0;32m  OK  [0m] Reached target System Time Synchronized.
[   17.955746] systemd[1]: Listening on udev Control Socket.
[[0;32m  OK  [0m] Listening on udev Control Socket.
[   18.011586] systemd[1]: Mounting POSIX Message Queue File System...
         Mounting POSIX Message Queue File System...
[   18.023038] systemd[1]: Starting Create list of required static device nodes for the current kernel...
         Starting Create list of required st... nodes for the current kernel...
[   18.030896] systemd[1]: Listening on Device-mapper event daemon FIFOs.
[[0;32m  OK  [0m] Listening on Device-mapper event daemon FIFOs.
[   18.036370] systemd[1]: Starting Monitoring of LVM2 mirrors, snapshots etc. using dmeventd or progress polling...
         Starting Monitoring of LVM2 mirrors... dmeventd or progress polling...
[   18.045472] systemd[1]: Mounting Debug File System...
         Mounting Debug File System...
[   18.049919] systemd[1]: Reached target Encrypted Volumes.
[[0;32m  OK  [0m] Reached target Encrypted Volumes.
[   18.054305] systemd[1]: Listening on Journal Audit Socket.
[[0;32m  OK  [0m] Listening on Journal Audit Socket.
[   18.062297] systemd[1]: Starting Journal Service...
         Starting Journal Service...
[   18.067414] systemd[1]: Starting Uncomplicated firewall...
         Starting Uncomplicated firewall...
[   18.074270] systemd[1]: Created slice User and Session Slice.
[[0;32m  OK  [0m] Created slice User and Session Slice.
[   8.091926] sstemd[1] Racedtarget Slices.
[[0;32m  OK  [0m] Reached target Slices.
[   18.275833] systemd[1]: Mounting Huge Pages File System...
         Mounting Huge Pages File System...
[  1.23228] systemd[1]: Mounted Debug File System.

[[0;32m  OK  [0m] Mounted Debug File System.
[   18.379914] systemd[1]: Mounted POSIX Messag Qeu File ysem
 [[0;32m  OK  [0m] Mounted POSIX Message Queue File System.
[   18.615890] systemd[1]: Mounted Huge Pages File System.
[[0;32m  OK  [0m] Mounted Huge Pages File System.
[  1.67183] sytemd[1]: Started Journal Service.
[[0;32m  OK  [0m] Started Journal Service.
[[0;32m  OK  [0m] Started Set console keymap.
[[0;32m  OK  [0m] Started Load Kernel Modules.
[[0;32m  OK  [0m] Started Remount Root and Kernel File Systems.
[[0;32m  OK  [0m] Started Create list of required sta...ce nodes for the current kernel.
[[0;32m  OK  [0m] Started Uncomplicated firewall.
[[0;32m  OK  [0[   19.266028] random: nonblocking pool is initialized
m] Started Nameserver information manager.
[[0;32m  OK  [0m] Started LVM2 metadata daemon.
         Starting Create Static Device Nodes in /dev...
         Starting udev Coldplug all Devices...
         Starting Load/Save Random Seed...
         Mounting FUSE Control File System...
         Starting Apply Kernel Variables...
         Starting Flush Journal to Persistent Storage...
[[0;32m  OK  [0m] Mounted FUSE Control File System.
[[0;32m  OK  [0m] Started Create Static Device Nodes in /dev.
[[0;32m  OK  [0m] Started Load/Save Random Seed.
[[0;32m  OK  [0m] Started Apply Kernel Variables.
[[0;32m  OK  [0m] Started udev Coldplug all Devices.
         Starting udev Kernel Device Manager...
[[0;32m  OK  [0m] Started Flush Journal to Persistent Storage.
[[0;32m  OK  [0m] Started udev Kernel Device Manager.
[[0;32m  OK  [0m] Started Dispatch Password Requests to Console Directory Watch.
[[0;32m  OK  [0m] Found device /dev/ttyS0.
[[0;32m  OK  [0m] Started Monitoring of LVM2 mirrors,...ng dmeventd or progress polling.
[[0;32m  OK  [0m] Listening on Load/Save RF Kill Switch Status /dev/rfkill Watch.
[[0;32m  OK  [0m] Reached target Local File Systems (Pre).
[[0;32m  OK  [0m] Reached target Local File Systems.
         Starting LSB: AppArmor initialization...
         Starting Initial cloud-init job (pre-networking)...
         Starting Commit a transient machine-id on disk...
         Starting Tell Plymouth To Write Out Runtime Data...
         Starting Set console font and keymap...
         Starting Create Volatile Files and Directories...
[[0;32m  OK  [0m] Started Commit a transient machine-id on disk.
[[0;32m  OK  [0m] Started Tell Plymouth To Write Out Runtime Data.
[[0;32m  OK  [0m] Started Create Volatile Files and Directories.
         Starting Update UTMP about System Boot/Shutdown...
[[0;32m  OK  [0m] Started Update UTMP about System Boot/Shutdown.
[   14.761307] cloud-init[548]: Cloud-init v. 18.4-0ubuntu1~16.04.2 running 'init-local' at Wed, 12 Dec 2018 10:45:51 +0000. Up 14.34 seconds.
[[0;32m  OK  [0m] Started Initial cloud-init job (pre-networking).
[[0;32m  OK  [0m] Started Set console font and keymap.
[[0;32m  OK  [0m] Created slice system-getty.slice.
[[0;32m  OK  [0m] Reached target Network (Pre).
[[0;32m  OK  [0m] Started LSB: AppArmor initialization.
         Starting Raise network interfaces...
[[0;32m  OK  [0m] Started Raise network interfaces.
[[0;32m  OK  [0m] Reached target Network.
         Starting Initial cloud-init job (metadata service crawler)...
[   16.107629] cloud-init[935]: Cloud-init v. 18.4-0ubuntu1~16.04.2 running 'init' at Wed, 12 Dec 2018 10:45:52 +0000. Up 15.58 seconds.
[   16.138967] cloud-init[935]: ci-info: ++++++++++++++++++++++++++++++++++++++Net device info++++++++++++++++++++++++++++++++++++++
[   16.159744] cloud-init[935]: ci-info: +--------+-------+---------------------------+---------------+--------+-------------------+
[[0;32m  OK  [0m] Started Initial cloud-init job (metadata service crawler).
[[0;32m  OK  [0m[   16.214716] cloud-init[935]: ci-info: | Device |   Up  |          Address          |      Mask     | Scope  |     Hw-Address    |
[   16.239336] cloud-init[935]: ci-info: +--------+-------+---------------------------+---------------+--------+-------------------+
] Reached target System Initialization.
[[   16.239963] cloud-init[935]: ci-info: | enp0s3 |  True |         10.0.2.15         | 255.255.255.0 | global | 02:d4:8a:2a:0f:ed |
[   16.426690] cloud-init[935]: ci-info: | enp0s3 |  True | fe80::d4:8aff:fe2a:fed/64 |       .       |  link  | 02:d4:8a:2a:0f:ed |
[0;32m  OK  [0m] Started Daily Cleanup of Temporary Directories.
[   16.427143] cloud-init[935]: ci-info: | enp0s8 | False |             .             |       .       |   .    | 08:00:27:0d:67:c7 |
[   16.585440] cloud-init[935]: ci-info: |   lo   |  True |         127.0.0.1         |   255.0.0.0   |  host  |         .         |
[   16.585862] cloud-init[935]: ci-info: |   lo   |  True |          ::1/128          |       .       |  host  |         .         |
         Starting Socket activation for snappy daemon.
[   16.586686] cloud-init[935]: ci-info: +--------+-------+---------------------------+---------------+--------+-------------------+
[[   16.611017] cloud-init[935]: ci-info: +++++++++++++++++++++++++++Route IPv4 info++++++++++++++++++++++++++++
[   16.612089] cloud-init[935]: ci-info: +-------+-------------+----------+---------------+-----------+-------+
[   16.615797] cloud-init[935]: ci-info: | Route | Destination | Gateway  |    Genmask    | Interface | Flags |
[0;32m  OK  [0m] Started ACPI Events Check.
[   16.617881] cloud-init[935]: ci-info: +-------+-------------+----------+---------------+-----------+-------+
[   16.628152] cloud-init[935]: ci-info: |   0   |   0.0.0.0   | 10.0.2.2 |    0.0.0.0    |   enp0s3  |   UG  |
[[0;32m  OK  [0m] Reached target Paths.
[   16.630020] cloud-init[935]: ci-info: |   1   |   10.0.2.0  | 0.0.0.0  | 255.255.255.0 |   enp0s3  |   U   |
[[0;32m  OK  [0m] Listening on D-Bus System Message Bus Socket.
[[   16.639444] cloud-init[935]: ci-info: +-------+-------------+----------+---------------+-----------+-------+
[   16.706819] cloud-init[935]: ci-info: +++++++++++++++++++Route IPv6 info+++++++++++++++++++
[0;32m  OK  [0m] Listening on UUID daemon activation socket.
[[   16.707261] cloud-init[935]: ci-info: +-------+-------------+---------+-----------+-------+
[   16.838872] cloud-init[935]: ci-info: | Route | Destination | Gateway | Interface | Flags |
[0;32m  OK  [0m] Started Daily apt download activities.
[   16.839272] cloud-init[935]: ci-info: +-------+-------------+---------+-----------+-------+
[   16.964576] cloud-init[935]: ci-info: |   0   |  fe80::/64  |    ::   |   enp0s3  |   U   |
[   16.965287] cloud-init         [935]: Starting LXD - unix socket.ci-info: |   3   |   ff00::/8  |    ::   |   enp0s3  |   U   |

[[   16.965658] cloud-init[935]: ci-info: +-------+-------------+---------+-----------+-------+
[0;32m  OK  [0m] Listening on ACPID Listen Socket.
[   17.065158] cloud-init[935]: Generating public/private rsa key pair.
[   17.100444] cloud-init[935]: Your identification has been saved in /etc/ssh/ssh_host_rsa_key.
[   17.100910] cloud-init[935]: Your public key has been saved in /etc/ssh/ssh_host_rsa_key.pub.
[[0;32m  OK  [0m] Started Daily apt upgrade and clean activities.
[[   17.101456] cloud-init[935]: The key fingerprint is:
[   17.197181] cloud-init[0;32m  OK  [0m[935]: ] SHA256:4xfqNqWPLENJUmZZCIHdKzJEnR1npMoOWKAPfH8iP6w root@ubuntu-xenialReached target Timers.

[   17.197680] cloud-init[935]: The key's randomart image is:
[   17.317145] cloud-init[935]: +---[RSA 2048]----+
[[0;32m  OK  [0m] Reached target Cloud-config availability.
[[   17.317987] cloud-init[935]: |...+o*.*=        |
[   17.367618] cloud-init[935]: |o.o + O+         |
[0;32m  OK  [0m] Reached target Network is Online.
[   17.368431] cloud-init[935]: |oo.. +..         |
[   17.404578] cloud-init[935]: | =+.+.o          |
[   17.411663] cloud-init[935]: |. o+o* oS .      |
[   17.415251] cloud-init[935]: |   o+ =. o..     |
[   17.427640] cloud-init[935]: |    .=  oo.      |
[   17.428401] cloud-init[935]: |    . +o+o       |
         Starting iSCSI initiator daemon (iscsid)...
[[0;32m  OK  [0m] Listening on Socket activation for snappy daemon.
[   17.429385] cloud-init[935]: |   E   ++o.      |
[[0;32m  OK  [0m] Listening on LXD - unix socket.
[   17.436870] cloud-init[935]: +----[SHA256]-----+
[   17.463638] cloud-init[935]: Generating public/private dsa key pair.
[   17.480741] cloud-init[935]: Your identification has been saved in /etc/ssh/ssh_host_dsa_key.
[   17.509088] cloud-init[935]: Your public key has been saved in /etc/ssh/ssh_host_dsa_key.pub.
[   17.540252] cloud-init[935]: The key fingerprint is:
[   17.546846] cloud-init[935]: SHA256:uB3OHUgsRhvYLn7Yhg88ieKgLnjdHAnd/AdIbDFMiU8 root@ubuntu-xenial
[[0;32m  OK  [0m] [   17.560343] cloud-init[935]: The key's randomart image is:
[   17.560387] cloud-init[935]: +---[DSA 1024]----+
[   17.560420] cloud-init[935]: |     oo=+o       |
[   17.560452] cloud-init[935]: |    ..o+E.       |
[   17.560482] cloud-init[935]: |     o+Bo.       |
[   17.560512] cloud-init[935]: |    o.o+=..      |
[   17.560547] cloud-init[935]: |   + B..S...     |
[   17.560587] cloud-init[935]: |o . O *= o...    |
[   17.560620] cloud-init[935]: |=. . O..+ ..     |
[   17.560650] cloud-init[935]: |+.. . +          |
[   17.560680] cloud-init[935]: |oo               |
[   17.560711] cloud-init[935]: +----[SHA256]-----+
[   17.560742] cloud-init[935]: Generating public/private ecdsa key pair.
[   17.560774] cloud-init[935]: Your identification has been saved in /etc/ssh/ssh_host_ecdsa_key.
[   17.560806] cloud-init[935]: Your public key has been saved in /etc/ssh/ssh_host_ecdsa_key.pub.
[   17.560838] cloud-init[935]: The key fingerprint is:
[   17.560869] cloud-init[935]: SHA256:veEn7M4tFg5hFXiswkAAS4RurZfykBGRXhXNP18eg+0 root@ubuntu-xenial
[   17.560899] cloud-init[935]: The key's randomart image is:
[   17.560929] cloud-init[935]: +---[ECDSA 256]---+
[   17.560961] cloud-init[935]: |+=+ooo+  o..     |
[   17.560991] cloud-init[935]: |o+ ..  o. +      |
[   17.561022] cloud-init[935]: |+ +  o  .+  o    |
[   17.561052] cloud-init[935]: | = .  o ++ . =   |
[   17.561082] cloud-init[935]: |. + .  oS.= + o  |
[   17.561112] cloud-init[935]: | = o    .o.+ E   |
[   17.561141] cloud-init[935]: |  =      o=..    |
[   17.561172] cloud-init[935]: |   .     o++     |
[   17.561226] cloud-init[935]: |         o+..    |
[   17.561263] cloud-init[935]: +----[SHA256]-----+
[   17.561294] cloud-init[935]: Generating public/private ed25519 key pair.
[   17.561324] cloud-init[935]: Your identification has been saved in /etc/ssh/ssh_host_ed25519_key.
[   17.561359] cloud-init[935]: Your public key has been saved in /etc/ssh/ssh_host_ed25519_key.pub.
[   17.561390] cloud-init[935]: The key fingerprint is:
[   17.561420] cloud-init[935]: SHA256:Ia6nt9TTzd9y0u3r/m/CMDh15VSPewtbLLurk/RO1To root@ubuntu-xenial
[   17.561451] cloud-init[935]: The key's randomart image is:
[   17.561480] cloud-init[935]: +--[ED25519 256]--+
[   17.561509] cloud-init[935]: |                o|
[   17.561540] cloud-init[935]: |               .+|
[   17.561880] cloud-init[935]: |      . .     .+.|
[   17.561919] cloud-init[935]: |     . . .  . o.o|
[   17.561951] cloud-init[935]: |      . S  o +.+o|
[   17.561982] cloud-init[935]: |     . . .o+o Bo.|
[   17.562012] cloud-init[935]: |    . o o o.=BEo.|
[   17.562043] cloud-init[935]: |     +.  . o.o*o=|
[   17.562073] cloud-init[935]: |    ....   .++=@O|
[   17.562104] cloud-init[935]: +----[SHA256]-----+
Reached target Sockets.
[[0;32m  OK  [0m] Reached target Basic System.
[[0;32m  OK  [0m] Started Unattended Upgrades Shutdown.
[[0;32m  OK  [0m] Started D-Bus System Message Bus.
[[0;32m  OK  [0m] Started FUSE filesystem for LXC.
         Starting LSB: Record successful boot for GRUB...
         Starting LSB: MD monitoring daemon...
         Starting System Logging Service...
         Starting Login Service...
[[0;32m  OK  [0m] Started Deferred execution scheduler.
[[0;32m  OK  [0m] Started ACPI event daemon.
         Starting Virtualbox guest utils...
         Starting Accounts Service...
         Starting LXD - container startup/shutdown...
[[0;32m  OK  [0m] Started Regular background program processing daemon.
         Starting /etc/rc.local Compatibility...
         Starting Pollinate to seed the pseudo random number generator...
         Starting Snappy daemon...
[[0;32m  OK  [0m] Started System Logging Service.
[[0;32m  OK  [0m] Started iSCSI initiator daemon (iscsid).
[[0;32m  OK  [0m] Started /etc/rc.local Compatibility.
[[0;32m  OK  [0m] Started LXD - container startup/shutdown.
[[0;32m  OK  [0m] Started LSB: MD monitoring daemon.
[[0;32m  OK  [0m] Started LSB: Record successful boot for GRUB.
[[0;32m  OK  [0m] Started Login Service.
         Starting Authenticate and Authorize Users to Run Privileged Tasks...
         Starting Login to default iSCSI targets...
[[0;32m  OK  [0m] Started Virtualbox guest utils.
[[0;32m  OK  [0m] Started Authenticate and Authorize Users to Run Privileged Tasks.
[[0;32m  OK  [0m] Started Accounts Service.
[[0;32m  OK  [0m] Started Login to default iSCSI targets.
[[0;32m  OK  [0m] Reached target Remote File Systems (Pre).
[[0;32m  OK  [0m] Reached target Remote File Systems.
         Starting LSB: Set the CPU Frequency Scaling governor to "ondemand"...
         Starting LSB: daemon to balance interrupts for SMP systems...
         Starting LSB: automatic crash report generation...
         Starting Permit User Sessions...
[[0;32m  OK  [0m] Started Snappy daemon.
[[0;32m  OK  [0m] Started Permit User Sessions.
[[0;32m  OK  [0m] Started LSB: Set the CPU Frequency Scaling governor to "ondemand".
[[0;32m  OK  [0m] Started LSB: daemon to balance interrupts for SMP systems.
         Starting Hold until boot process finishes up...
         Starting Terminate Plymouth Boot Screen...
         Starting Wait until snapd is fully seeded...
[[0;32m  OK  [0m] Started LSB: automatic crash report generation.
[[0;32m  OK  [0m] Started Hold until boot process finishes up.
[[0;32m  OK  [0m] Started Terminate Plymouth Boot Screen.
         Starting Set console scheme...
[[0;32m  OK  [0m] Started Getty on tty1.
[[0;32m  OK  [0m] Started Serial Getty on ttyS0.
[[0;32m  OK  [0m] Reached target Login Prompts.
[[0;32m  OK  [0m] Started Set console scheme.
[[0;32m  OK  [0m] Started Pollinate to seed the pseudo random number generator.
         Starting OpenBSD Secure Shell server...
[[0;32m  OK  [0m] Started OpenBSD Secure Shell server.
[[0;32m  OK  [0m] Created slice User Slice of vagrant.
         Starting User Manager for UID 1000...
[[0;32m  OK  [0m] Started Session 1 of user vagrant.
[[0;32m  OK  [0m] Started User Manager for UID 1000.
         Stopping User Manager for UID 1000...
[[0;32m  OK  [0m] Stopped User Manager for UID 1000.
[[0;32m  OK  [0m] Removed slice User Slice of vagrant.
[[0;32m  OK  [0m] Created slice User Slice of vagrant.
         Starting User Manager for UID 1000...
[[0;32m  OK  [0m] Started User Manager for UID 1000.
[[0;32m  OK  [0m] Started Session 2 of user vagrant.
         Starting Hostname Service...
[[0;32m  OK  [0m] Started Hostname Service.

Ubuntu 16.04.5 LTS node02 ttyS0

node02 login: [   27.181163] cloud-init[1780]: Generating locales (this might take a while)...
[   27.956355] cloud-init[1780]:   en_US.UTF-8... done
[   27.957675] cloud-init[1780]: Generation complete.
[   28.238417] cloud-init[1780]: Cloud-init v. 18.4-0ubuntu1~16.04.2 running 'modules:config' at Wed, 12 Dec 2018 10:46:04 +0000. Up 27.09 seconds.
ci-info: no authorized ssh keys fingerprints found for user ubuntu.
<14>Dec 12 10:46:05 ec2: 
<14>Dec 12 10:46:05 ec2: #############################################################
<14>Dec 12 10:46:05 ec2: -----BEGIN SSH HOST KEY FINGERPRINTS-----
<14>Dec 12 10:46:05 ec2: 1024 SHA256:uB3OHUgsRhvYLn7Yhg88ieKgLnjdHAnd/AdIbDFMiU8 root@ubuntu-xenial (DSA)
<14>Dec 12 10:46:05 ec2: 256 SHA256:veEn7M4tFg5hFXiswkAAS4RurZfykBGRXhXNP18eg+0 root@ubuntu-xenial (ECDSA)
<14>Dec 12 10:46:05 ec2: 256 SHA256:Ia6nt9TTzd9y0u3r/m/CMDh15VSPewtbLLurk/RO1To root@ubuntu-xenial (ED25519)
<14>Dec 12 10:46:05 ec2: 2048 SHA256:4xfqNqWPLENJUmZZCIHdKzJEnR1npMoOWKAPfH8iP6w root@ubuntu-xenial (RSA)
<14>Dec 12 10:46:05 ec2: -----END SSH HOST KEY FINGERPRINTS-----
<14>Dec 12 10:46:05 ec2: #############################################################
-----BEGIN SSH HOST KEY KEYS-----
ecdsa-sha2-nistp256 AAAAE2VjZHNhLXNoYTItbmlzdHAyNTYAAAAIbmlzdHAyNTYAAABBBHKn6wnrr3zShRFvFsj62hmKBkr5EOhJFd+ZN0Z5FDQcCN/KaUPwcI4s33u9FX9AhfWib/rZRNsg2rnDh6rqh9I= root@ubuntu-xenial
ssh-ed25519 AAAAC3NzaC1lZDI1NTE5AAAAIFfO1YDbR/G5UihtVmK69VaBhx9ietG/sDwv6ujnQIH7 root@ubuntu-xenial
ssh-rsa AAAAB3NzaC1yc2EAAAADAQABAAABAQDeLbp5iodTKG9CdyUrixm6NDfYyM1qySTH5IgQGwh9ZsfaQaPTwlOAhEdCzanVJsDbAxi8ymhkA9plzqy9WYTtXvif17TcN5ugJSBOyXLqYwPJK3P2QtMNZSve/2JZFpD6e2InVd09NEYlYjoCNTa5cmgbsyaSMMTSjpDU/nJ1DEvR+hu32ClMF4qrR5JUluGAy5hxEvxqvAwSSvT3vTLq6ZbaospjJnhNhpBoyW24g9PurKiRM5cOVjNdCBfSxHF+k1kfcnG4e9L2GA3yLmN5vmA6tfPKavhsyQgzHXuwJS83UFiUMhX4QLbV5vuItPLP7VlVC/cqVldMyvr7Yju7 root@ubuntu-xenial
-----END SSH HOST KEY KEYS-----
[   28.686490] cloud-init[1867]: Cloud-init v. 18.4-0ubuntu1~16.04.2 running 'modules:final' at Wed, 12 Dec 2018 10:46:05 +0000. Up 28.55 seconds.
[   28.686763] cloud-init[1867]: ci-info: no authorized ssh keys fingerprints found for user ubuntu.
[   28.686916] cloud-init[1867]: Cloud-init v. 18.4-0ubuntu1~16.04.2 finished at Wed, 12 Dec 2018 10:46:05 +0000. Datasource DataSourceNoCloud [seed=/dev/sdb][dsmode=net].  Up 28.67 seconds
